{
  "stats": {
    "suites": 2,
    "tests": 3,
    "passes": 3,
    "pending": 0,
    "failures": 0,
    "start": "2020-01-07T13:16:52.393Z",
    "end": "2020-01-07T13:16:52.395Z",
    "duration": 84565,
    "testsRegistered": 3,
    "passPercent": 100,
    "pendingPercent": 0,
    "other": 0,
    "hasOther": false,
    "skipped": 0,
    "hasSkipped": false
  },
  "results": [
    {
      "uuid": "4f658632-040a-44c0-b77b-1a83dbc0c769",
      "title": "",
      "fullFile": "",
      "file": "",
      "beforeHooks": [],
      "afterHooks": [],
      "tests": [],
      "suites": [
        {
          "uuid": "c53aef51-7fff-4ee3-925f-6ed13653ee65",
          "title": "Multiple Actions Demo",
          "fullFile": "",
          "file": "",
          "beforeHooks": [],
          "afterHooks": [],
          "tests": [
            {
              "title": "Create backup button should be visible, has right text and attributes",
              "fullTitle": "Multiple Actions Demo Create backup button should be visible, has right text and attributes",
              "timedOut": null,
              "duration": 26347,
              "state": "passed",
              "speed": "slow",
              "pass": true,
              "fail": false,
              "pending": false,
              "context": null,
              "code": "cy.get('@textBoxHeader').should('contain.text', 'TextBox'); // Browser Stack Image Html Attibutes n CSS Validation\ncy.get('@browserstack') // Validate Image visible\n.should('be.visible') // Alternate text validation\n.should('have.attr', 'alt', 'Sponsors List') // validate element width\n.should('have.attr', 'width', '240') // validate element height\n.should('have.attr', 'height', '57') // validate element not have text\n.should('not.have.text', \"browser\") // validate element lenght(count)\n.should('have.length', '1'); // Validate number of input boxes    \ncy.get('@inputbox').should('have.length', 3); // Enter input text and Validate text entered correctly or not    \ncy.get('@enabledinput').clear().type('sample').should('have.value', 'sample'); // Check inputbox wheather disabled    \ncy.get('@disabledinput').should('be.disabled'); // Right Click Action\ncy.get('@browserstack').rightclick(); // Radio Option Selection\ncy.get('@genderSelection').click(); // Item Selection from Dropdown    \ncy.get('@carSelection').select('Renault'); // Multiple Option Selection\ncy.get('@multiSelect').select(['Russia', 'Italy']); //Move Elements Left to Right Container\ncy.get('@toggleToRight').focus().click().blur(); // getText and assert\ncy.get('@dropzone').should('have.text', '\\nRussiaItaly'); // Check box not Selected \ncy.get('@checkedBox').should('not.be.checked'); // Validate checkbox not checked\ncy.get('@unCheckedBox').click().should('be.checked'); // Alert Handle\ncy.get('@alertPopup').click(); // asserting with Jquery\ncy.on('window:alert', function (str) {\n  expect(str).to.equal('Hi.. This is alert message!');\n}); // Confimation Handle\ncy.get('@confirmationPopup').click(); // asserting with Jquery\ncy.on('window:confirm', function (str) {\n  expect(str).to.equal(\"Press 'OK' or 'Cancel' button!\");\n}); // prompt Handle\n// cy.get('@promptPopup').click().type('pavan')\n//Webtable Assertion value exists or not\ncy.get('tr').eq(2).should('contain', '24.63'); // explicit wait\ncy.wait(12000); // Click submit button\ncy.get('@submit').click(); // validate css of an element(font-family properity)\ncy.get('@elementState').should('have.css', 'font-family').and('match', /serif/); // scroll into view element\ncy.get('@textBoxHeader').scrollIntoView(); // reload page\ncy.reload(); // valdiate href atribute of <a> element\ncy.get('@newPageElement').then(function (el) {\n  var url = el.prop('href');\n  cy.log(url);\n  expect('have.attr', 'href', \"http://only-testing-blog.blogspot.in/2013/09/test.html\");\n}); // remove target\n//  cy.get('@newPageElement').invoke('removeAttr', 'target').click()\n// capture screenshot\ncy.screenshot('All Action Done');",
              "err": {},
              "uuid": "d8a86e20-e46a-457d-9dba-af46a7764d61",
              "parentUUID": "c53aef51-7fff-4ee3-925f-6ed13653ee65",
              "isHook": false,
              "skipped": false
            }
          ],
          "suites": [],
          "passes": [
            "d8a86e20-e46a-457d-9dba-af46a7764d61"
          ],
          "failures": [],
          "pending": [],
          "skipped": [],
          "duration": 26347,
          "root": false,
          "rootEmpty": false,
          "_timeout": 2000
        }
      ],
      "passes": [],
      "failures": [],
      "pending": [],
      "skipped": [],
      "duration": 0,
      "root": true,
      "rootEmpty": true,
      "_timeout": 2000
    },
    {
      "uuid": "4a003928-ae84-4a60-bf8b-4eb0e968382d",
      "title": "",
      "fullFile": "",
      "file": "",
      "beforeHooks": [],
      "afterHooks": [],
      "tests": [],
      "suites": [
        {
          "uuid": "1f7fac17-7958-4c41-9c14-a4badcd95546",
          "title": "Nop Ecommerce",
          "fullFile": "",
          "file": "",
          "beforeHooks": [],
          "afterHooks": [],
          "tests": [
            {
              "title": "Delete Existing Address",
              "fullTitle": "Nop Ecommerce Delete Existing Address",
              "timedOut": null,
              "duration": 16737,
              "state": "passed",
              "speed": "slow",
              "pass": true,
              "fail": false,
              "pending": false,
              "context": null,
              "code": "// Assert \ncy.get('.ico-account').then(function ($quan) {\n  if ($quan.text() == 'My account') {\n    cy.get('.ico-account').click();\n  } // Click on Addresses link\n\n  cy.get('.customer-addresses>a').click(); // Delete the exisitng address\n  cy.get('.button-2.delete-address-button').click();\n  cy.screenshot('AddressDeleted');\n});",
              "err": {},
              "uuid": "15caf404-4ec3-4374-84a2-62b38dfb1df2",
              "parentUUID": "1f7fac17-7958-4c41-9c14-a4badcd95546",
              "isHook": false,
              "skipped": false
            },
            {
              "title": "Order a Product",
              "fullTitle": "Nop Ecommerce Order a Product",
              "timedOut": null,
              "duration": 41481,
              "state": "passed",
              "speed": "slow",
              "pass": true,
              "fail": false,
              "pending": false,
              "context": null,
              "code": "// Search for an product\ncy.get('input#small-searchterms').type('laptop'); //Click on Search button\ncy.xpath('//input[@class=\"button-1 search-box-button\"]').click(); //Click on Product\ncy.xpath('//h2/a[.=\"Asus N551JK-XO076H Laptop\"]').click(); //Click on Add to Cart button\ncy.get('input.add-to-cart-button').click(); //assert success notification bar\ncy.xpath('//p[@class=\"content\"]').should('contain', 'The product has been added to your');\ncy.screenshot('Product Added'); //click on Shopping cart\ncy.get('li#topcartlink').click(); //assert item quantity\ncy.get('.qty-input').then(function ($quan) {\n  if ($quan.text() == 1) {\n    cy.log(\"product quantity ok\");\n  } else {\n    cy.get('.qty-input').clear().type(1);\n  }\n}); //Check T&C Checkbox\ncy.get('input#termsofservice').click(); //click on checkout button\ncy.get('.checkout-button').click(); // Click continue if address already exists, oterwise create new one\ncy.get('#BillingNewAddress_CountryId').then(function ($address) {\n  if ($address.length != 1) {\n    cy.xpath('//div[@id=\"billing-buttons-container\"]/input').click();\n  } else {\n    // Select Country Name\n    cy.get('#BillingNewAddress_CountryId').select('India'); //Type Cityname\n    cy.get('#BillingNewAddress_City').type('BANGALORE'); // Type Street Address\n    cy.get('#BillingNewAddress_Address1').type('326 W. Somerset Dr'); // Type zip code\n    cy.get('#BillingNewAddress_ZipPostalCode').type('560016'); // Type Mobile number\n    cy.get('#BillingNewAddress_PhoneNumber').type('2222222222'); // Click continue button\n    cy.xpath('//div[@id=\"billing-buttons-container\"]/input').click();\n  }\n}); //Click continue on shipping method\ncy.xpath('//div[@id=\"shipping-method-buttons-container\"]/input').click(); //Click continue in payment method\ncy.xpath('//div[@id=\"payment-method-buttons-container\"]/input').click(); //Click continue on Payment Information\ncy.xpath('//div[@id=\"payment-info-buttons-container\"]/input').click(); //Click Confirm on Confirm Order\ncy.xpath('//div[@id=\"confirm-order-buttons-container\"]/input').click(); //Validate Success message\ncy.xpath('//strong[.=\"Your order has been successfully processed!\"]').should('contain.text', 'Your order has been successfully processed!');\ncy.screenshot('Order Successful'); //Click logout\ncy.get('.ico-logout').click();",
              "err": {},
              "uuid": "7591403b-68f9-4975-95c2-10129374061e",
              "parentUUID": "1f7fac17-7958-4c41-9c14-a4badcd95546",
              "isHook": false,
              "skipped": false
            }
          ],
          "suites": [],
          "passes": [
            "15caf404-4ec3-4374-84a2-62b38dfb1df2",
            "7591403b-68f9-4975-95c2-10129374061e"
          ],
          "failures": [],
          "pending": [],
          "skipped": [],
          "duration": 58218,
          "root": false,
          "rootEmpty": false,
          "_timeout": 2000
        }
      ],
      "passes": [],
      "failures": [],
      "pending": [],
      "skipped": [],
      "duration": 0,
      "root": true,
      "rootEmpty": true,
      "_timeout": 2000
    }
  ],
  "meta": {
    "mocha": {
      "version": "5.2.0"
    },
    "mochawesome": {
      "options": {
        "quiet": false,
        "reportFilename": "mochawesome",
        "saveHtml": false,
        "saveJson": true,
        "consoleReporter": "spec",
        "useInlineDiffs": false
      },
      "version": "4.1.0"
    },
    "marge": {
      "options": {
        "reportDir": "cypress/reports/separate-reports",
        "overwrite": false,
        "html": false,
        "json": true,
        "timestamp": "mmddyyyy_HHMMss"
      },
      "version": "4.1.0"
    }
  }
}