{
  "stats": {
    "suites": 1,
    "tests": 1,
    "passes": 1,
    "pending": 0,
    "failures": 0,
    "start": "2020-01-07T12:48:47.797Z",
    "end": "2020-01-07T12:49:17.465Z",
    "duration": 29668,
    "testsRegistered": 1,
    "passPercent": 100,
    "pendingPercent": 0,
    "other": 0,
    "hasOther": false,
    "skipped": 0,
    "hasSkipped": false
  },
  "results": [
    {
      "uuid": "4f658632-040a-44c0-b77b-1a83dbc0c769",
      "title": "",
      "fullFile": "",
      "file": "",
      "beforeHooks": [],
      "afterHooks": [],
      "tests": [],
      "suites": [
        {
          "uuid": "c53aef51-7fff-4ee3-925f-6ed13653ee65",
          "title": "Multiple Actions Demo",
          "fullFile": "",
          "file": "",
          "beforeHooks": [],
          "afterHooks": [],
          "tests": [
            {
              "title": "Create backup button should be visible, has right text and attributes",
              "fullTitle": "Multiple Actions Demo Create backup button should be visible, has right text and attributes",
              "timedOut": null,
              "duration": 26347,
              "state": "passed",
              "speed": "slow",
              "pass": true,
              "fail": false,
              "pending": false,
              "context": null,
              "code": "cy.get('@textBoxHeader').should('contain.text', 'TextBox'); // Browser Stack Image Html Attibutes n CSS Validation\ncy.get('@browserstack') // Validate Image visible\n.should('be.visible') // Alternate text validation\n.should('have.attr', 'alt', 'Sponsors List') // validate element width\n.should('have.attr', 'width', '240') // validate element height\n.should('have.attr', 'height', '57') // validate element not have text\n.should('not.have.text', \"browser\") // validate element lenght(count)\n.should('have.length', '1'); // Validate number of input boxes    \ncy.get('@inputbox').should('have.length', 3); // Enter input text and Validate text entered correctly or not    \ncy.get('@enabledinput').clear().type('sample').should('have.value', 'sample'); // Check inputbox wheather disabled    \ncy.get('@disabledinput').should('be.disabled'); // Right Click Action\ncy.get('@browserstack').rightclick(); // Radio Option Selection\ncy.get('@genderSelection').click(); // Item Selection from Dropdown    \ncy.get('@carSelection').select('Renault'); // Multiple Option Selection\ncy.get('@multiSelect').select(['Russia', 'Italy']); //Move Elements Left to Right Container\ncy.get('@toggleToRight').focus().click().blur(); // getText and assert\ncy.get('@dropzone').should('have.text', '\\nRussiaItaly'); // Check box not Selected \ncy.get('@checkedBox').should('not.be.checked'); // Validate checkbox not checked\ncy.get('@unCheckedBox').click().should('be.checked'); // Alert Handle\ncy.get('@alertPopup').click(); // asserting with Jquery\ncy.on('window:alert', function (str) {\n  expect(str).to.equal('Hi.. This is alert message!');\n}); // Confimation Handle\ncy.get('@confirmationPopup').click(); // asserting with Jquery\ncy.on('window:confirm', function (str) {\n  expect(str).to.equal(\"Press 'OK' or 'Cancel' button!\");\n}); // prompt Handle\n// cy.get('@promptPopup').click().type('pavan')\n//Webtable Assertion value exists or not\ncy.get('tr').eq(2).should('contain', '24.63'); // explicit wait\ncy.wait(12000); // Click submit button\ncy.get('@submit').click(); // validate css of an element(font-family properity)\ncy.get('@elementState').should('have.css', 'font-family').and('match', /serif/); // scroll into view element\ncy.get('@textBoxHeader').scrollIntoView(); // reload page\ncy.reload(); // valdiate href atribute of <a> element\ncy.get('@newPageElement').then(function (el) {\n  var url = el.prop('href');\n  cy.log(url);\n  expect('have.attr', 'href', \"http://only-testing-blog.blogspot.in/2013/09/test.html\");\n}); // remove target\n//  cy.get('@newPageElement').invoke('removeAttr', 'target').click()\n// capture screenshot\ncy.screenshot('All Action Done');",
              "err": {},
              "uuid": "d8a86e20-e46a-457d-9dba-af46a7764d61",
              "parentUUID": "c53aef51-7fff-4ee3-925f-6ed13653ee65",
              "isHook": false,
              "skipped": false
            }
          ],
          "suites": [],
          "passes": [
            "d8a86e20-e46a-457d-9dba-af46a7764d61"
          ],
          "failures": [],
          "pending": [],
          "skipped": [],
          "duration": 26347,
          "root": false,
          "rootEmpty": false,
          "_timeout": 2000
        }
      ],
      "passes": [],
      "failures": [],
      "pending": [],
      "skipped": [],
      "duration": 0,
      "root": true,
      "rootEmpty": true,
      "_timeout": 2000
    }
  ],
  "meta": {
    "mocha": {
      "version": "5.2.0"
    },
    "mochawesome": {
      "options": {
        "quiet": false,
        "reportFilename": "mochawesome",
        "saveHtml": false,
        "saveJson": true,
        "consoleReporter": "spec",
        "useInlineDiffs": false
      },
      "version": "4.1.0"
    },
    "marge": {
      "options": {
        "reportDir": "cypress/reports/separate-reports",
        "overwrite": false,
        "html": false,
        "json": true,
        "timestamp": "mmddyyyy_HHMMss"
      },
      "version": "4.1.0"
    }
  }
}